<?xml version="1.0" encoding="UTF-8"?>
<!-- Generated by org.testng.reporters.JUnitReportReporter -->
<testsuite hostname="MCTS-BLR-2104" failures="0" tests="2" name="com.netset.testcases.loginNetsetGo" time="1.434" errors="0" timestamp="2024-03-11T11:52:56 IST" skipped="0">
  <testcase classname="com.netset.testcases.loginNetsetGo" name="loginApp" time="0.905"/>
  <testcase classname="com.netset.testcases.loginNetsetGo" name="deviceCreation" time="0.529"/>
</testsuite> <!-- com.netset.testcases.loginNetsetGo -->
